[ 2013-05-01T00:00:42+08:00 ] 127.0.0.1 /app/rest.php/Index/index/
INFO: [ route_check ] --START--
INFO: Run CheckRoute Behavior [ RunTime:0.001462s ]
INFO: [ route_check ] --END-- [ RunTime:0.001641s ]
INFO: [ app_begin ] --START--
INFO: Run ReadHtmlCache Behavior [ RunTime:0.001190s ]
INFO: [ app_begin ] --END-- [ RunTime:0.001666s ]
INFO: [ view_parse ] --START--
INFO: Run ParseTemplate Behavior [ RunTime:0.002589s ]
INFO: [ view_parse ] --END-- [ RunTime:0.002838s ]
INFO: [ view_filter ] --START--
INFO: Run ContentReplace Behavior [ RunTime:0.001185s ]
INFO: Run TokenBuild Behavior [ RunTime:0.001162s ]
INFO: Run WriteHtmlCache Behavior [ RunTime:0.000965s ]
INFO: Run ShowRuntime Behavior [ RunTime:0.001242s ]
INFO: [ view_filter ] --END-- [ RunTime:0.004906s ]
INFO: [ view_end ] --START--
INFO: Run ShowPageTrace Behavior [ RunTime:0.001328s ]
INFO: [ view_end ] --END-- [ RunTime:0.001462s ]

[ 2013-05-01T00:01:01+08:00 ] ERR: (ThinkException) Action:response您所请求的方法不存在！
[ 2013-05-01T00:01:55+08:00 ] 127.0.0.1 /app/rest.php/Info/test/
INFO: [ route_check ] --START--
INFO: Run CheckRoute Behavior [ RunTime:0.001233s ]
INFO: [ route_check ] --END-- [ RunTime:0.001403s ]
INFO: [ app_begin ] --START--
INFO: Run ReadHtmlCache Behavior [ RunTime:0.001139s ]
INFO: [ app_begin ] --END-- [ RunTime:0.001262s ]

[ 2013-05-01T00:02:49+08:00 ] ERR: (ThinkException) Action:response您所请求的方法不存在！
[ 2013-05-01T00:04:20+08:00 ] 127.0.0.1 /app/rest.php/Info/test/
INFO: [ route_check ] --START--
INFO: Run CheckRoute Behavior [ RunTime:0.001699s ]
INFO: [ route_check ] --END-- [ RunTime:0.001866s ]
INFO: [ app_begin ] --START--
INFO: Run ReadHtmlCache Behavior [ RunTime:0.001316s ]
INFO: [ app_begin ] --END-- [ RunTime:0.001459s ]
SQL: SHOW COLUMNS FROM `students` [ RunTime:0.001758s ]
SQL: SELECT COUNT(id) AS tp_count FROM `students` LIMIT 1   [ RunTime:0.002063s ]
SQL: SELECT * FROM `students`  [ RunTime:0.305492s ]

[ 2013-05-01T00:04:54+08:00 ] 127.0.0.1 /app/rest.php/Info/test/
INFO: [ route_check ] --START--
INFO: Run CheckRoute Behavior [ RunTime:0.001324s ]
INFO: [ route_check ] --END-- [ RunTime:0.001507s ]
INFO: [ app_begin ] --START--
INFO: Run ReadHtmlCache Behavior [ RunTime:0.001088s ]
INFO: [ app_begin ] --END-- [ RunTime:0.001225s ]
SQL: SHOW COLUMNS FROM `students` [ RunTime:0.303237s ]
SQL: SELECT COUNT(id) AS tp_count FROM `students` LIMIT 1   [ RunTime:0.001111s ]
SQL: SELECT * FROM `students`  [ RunTime:0.298844s ]

[ 2013-05-01T00:05:55+08:00 ] 127.0.0.1 /app/rest.php/Info/test/id/22/
INFO: [ route_check ] --START--
INFO: Run CheckRoute Behavior [ RunTime:0.001320s ]
INFO: [ route_check ] --END-- [ RunTime:0.001487s ]
INFO: [ app_begin ] --START--
INFO: Run ReadHtmlCache Behavior [ RunTime:0.001062s ]
INFO: [ app_begin ] --END-- [ RunTime:0.001179s ]
SQL: SHOW COLUMNS FROM `students` [ RunTime:0.003129s ]

[ 2013-05-01T19:07:15+08:00 ] ERR: (ThinkException) 非法操作:students
[ 2013-05-01T19:08:27+08:00 ] ERR: (ThinkException) 非法操作:students
[ 2013-05-01T19:09:27+08:00 ] ERR: (ThinkException) 非法操作:students
[ 2013-05-01T19:12:18+08:00 ] ERR: (ThinkException) 非法操作:students
[ 2013-05-01T19:14:33+08:00 ] ERR: (ThinkException) 非法操作:students
[ 2013-05-01T19:17:34+08:00 ] ERR: (ThinkException) 非法操作:students
[ 2013-05-01T19:18:46+08:00 ] ERR: (ThinkException) 非法操作:students
[ 2013-05-01T19:18:47+08:00 ] ERR: (ThinkException) 非法操作:students
[ 2013-05-01T19:19:45+08:00 ] ERR: (ThinkException) 非法操作:students
[ 2013-05-01T19:19:46+08:00 ] ERR: (ThinkException) 非法操作:students
[ 2013-05-01T19:19:48+08:00 ] ERR: (ThinkException) 非法操作:students
[ 2013-05-01T19:19:59+08:00 ] ERR: (ThinkException) 非法操作:students
[ 2013-05-01T19:21:42+08:00 ] ERR: (ThinkException) 非法操作:students
[ 2013-05-01T19:21:47+08:00 ] ERR: (ThinkException) 非法操作:students
[ 2013-05-01T19:21:54+08:00 ] ERR: (ThinkException) 非法操作:students
[ 2013-05-01T19:21:59+08:00 ] ERR: (ThinkException) 非法操作:students
[ 2013-05-01T19:22:11+08:00 ] ERR: (ThinkException) 非法操作:students
[ 2013-05-01T19:22:12+08:00 ] ERR: (ThinkException) 非法操作:students
[ 2013-05-01T19:24:42+08:00 ] ERR: (ThinkException) 非法操作:students
[ 2013-05-01T19:24:59+08:00 ] ERR: (ThinkException) 非法操作:students
[ 2013-05-01T19:29:46+08:00 ] ERR: (ThinkException) 非法操作:students
[ 2013-05-01T19:29:46+08:00 ] ERR: (ThinkException) 非法操作:students
[ 2013-05-01T19:30:04+08:00 ] ERR: (ThinkException) 非法操作:students
[ 2013-05-01T19:30:17+08:00 ] ERR: (ThinkException) 非法操作:students
[ 2013-05-01T20:59:29+08:00 ] ERR: (ThinkException) 非法操作:students
[ 2013-05-01T20:59:31+08:00 ] ERR: (ThinkException) 非法操作:students
[ 2013-05-01T21:00:36+08:00 ] 127.0.0.1 /app/rest.php
INFO: [ app_begin ] --START--
INFO: Run ReadHtmlCache Behavior [ RunTime:0.001481s ]
INFO: [ app_begin ] --END-- [ RunTime:0.001866s ]
INFO: [ view_parse ] --START--
INFO: Run ParseTemplate Behavior [ RunTime:0.046473s ]
INFO: [ view_parse ] --END-- [ RunTime:0.046781s ]
INFO: [ view_filter ] --START--
INFO: Run ContentReplace Behavior [ RunTime:0.015400s ]
INFO: Run TokenBuild Behavior [ RunTime:0.015235s ]
INFO: Run WriteHtmlCache Behavior [ RunTime:0.005543s ]
INFO: Run ShowRuntime Behavior [ RunTime:0.028158s ]
INFO: [ view_filter ] --END-- [ RunTime:0.064980s ]
INFO: [ view_end ] --START--
INFO: Run ShowPageTrace Behavior [ RunTime:0.024248s ]
INFO: [ view_end ] --END-- [ RunTime:0.024458s ]

[ 2013-05-01T21:00:46+08:00 ] ERR: (ThinkException) 无法加载模块:info
[ 2013-05-01T21:00:53+08:00 ] ERR: (ThinkException) 非法操作:students
[ 2013-05-01T21:01:27+08:00 ] ERR: (ThinkException) 非法操作:students
[ 2013-05-01T21:02:02+08:00 ] ERR: (ThinkException) 非法操作:students
[ 2013-05-01T21:03:17+08:00 ] ERR: (ThinkException) 非法操作:students
[ 2013-05-01T21:03:26+08:00 ] ERR: (ThinkException) 非法操作:index
[ 2013-05-01T21:04:01+08:00 ] ERR: (ThinkException) 非法操作:students
[ 2013-05-01T21:04:38+08:00 ] ERR: (ThinkException) 非法操作:students
[ 2013-05-01T21:07:36+08:00 ] ERR: (ThinkException) 非法操作:index
[ 2013-05-01T21:07:46+08:00 ] ERR: (ThinkException) 无法加载模块:test
[ 2013-05-01T21:07:56+08:00 ] 127.0.0.1 /app/rest.php/Index/test/
INFO: [ route_check ] --START--
INFO: Run CheckRoute Behavior [ RunTime:0.001156s ]
INFO: [ route_check ] --END-- [ RunTime:0.001325s ]
INFO: [ app_begin ] --START--
INFO: Run ReadHtmlCache Behavior [ RunTime:0.000839s ]
INFO: [ app_begin ] --END-- [ RunTime:0.000958s ]
SQL: SHOW COLUMNS FROM `students` [ RunTime:0.004205s ]

[ 2013-05-01T21:08:36+08:00 ] ERR: (ThinkException) 非法操作:read
[ 2013-05-01T21:11:13+08:00 ] ERR: (ThinkException) 非法操作:read
[ 2013-05-01T21:14:12+08:00 ] ERR: (ThinkException) 非法操作:read
[ 2013-05-01T21:14:24+08:00 ] ERR: (ThinkException) 非法操作:read
[ 2013-05-01T21:15:25+08:00 ] ERR: (ThinkException) 非法操作:read
[ 2013-05-01T21:16:39+08:00 ] ERR: (ThinkException) 非法操作:read
[ 2013-05-01T21:17:44+08:00 ] ERR: (ThinkException) 非法操作:read
[ 2013-05-01T21:22:27+08:00 ] ERR: (ThinkException) 非法操作:students
[ 2013-05-01T21:22:36+08:00 ] ERR: (ThinkException) 非法操作:students
[ 2013-05-01T22:27:56+08:00 ] ERR: (ThinkException) 非法操作:students
[ 2013-05-01T22:27:59+08:00 ] ERR: (ThinkException) 非法操作:students
[ 2013-05-01T22:31:30+08:00 ] ERR: (ThinkException) 非法操作:read
[ 2013-05-01T22:32:00+08:00 ] ERR: (ThinkException) Action:response您所请求的方法不存在！
[ 2013-05-01T22:32:18+08:00 ] ERR: (ThinkException) Action:response您所请求的方法不存在！
[ 2013-05-01T22:32:54+08:00 ] ERR: (ThinkException) Action:response您所请求的方法不存在！
[ 2013-05-01T22:33:00+08:00 ] ERR: (ThinkException) Action:response您所请求的方法不存在！
[ 2013-05-01T22:33:12+08:00 ] ERR: (ThinkException) Action:response您所请求的方法不存在！
[ 2013-05-01T22:33:15+08:00 ] ERR: (ThinkException) Action:response您所请求的方法不存在！
[ 2013-05-01T22:38:12+08:00 ] ERR: (ThinkException) Action:response您所请求的方法不存在！
[ 2013-05-01T22:38:19+08:00 ] ERR: (ThinkException) Action:response您所请求的方法不存在！
[ 2013-05-01T22:38:37+08:00 ] ERR: (ThinkException) Action:response您所请求的方法不存在！
[ 2013-05-01T22:38:53+08:00 ] ERR: (ThinkException) Action:response您所请求的方法不存在！
[ 2013-05-01T22:41:47+08:00 ] ERR: (ThinkException) Action:response您所请求的方法不存在！
[ 2013-05-01T23:09:56+08:00 ] ERR: (ThinkException) 非法操作:students
[ 2013-05-01T23:11:04+08:00 ] ERR: (ThinkException) 非法操作:students
[ 2013-05-01T23:12:36+08:00 ] ERR: (ThinkException) 非法操作:students
[ 2013-05-01T23:12:50+08:00 ] ERR: (ThinkException) 非法操作:students
[ 2013-05-01T23:13:22+08:00 ] ERR: (ThinkException) 非法操作:students
[ 2013-05-01T23:13:56+08:00 ] ERR: (ThinkException) 非法操作:students
[ 2013-05-01T23:17:14+08:00 ] ERR: (ThinkException) 非法操作:students
[ 2013-05-01T23:18:15+08:00 ] ERR: (ThinkException) 非法操作:students
[ 2013-05-01T23:21:26+08:00 ] ERR: (ThinkException) Action:response您所请求的方法不存在！
[ 2013-05-01T23:21:48+08:00 ] ERR: (ThinkException) Action:response您所请求的方法不存在！
[ 2013-05-01T23:22:22+08:00 ] 127.0.0.1 /app/rest.php/Info/students/
INFO: [ route_check ] --START--
INFO: Run CheckRoute Behavior [ RunTime:0.001908s ]
INFO: [ route_check ] --END-- [ RunTime:0.002215s ]
INFO: [ app_begin ] --START--
INFO: Run ReadHtmlCache Behavior [ RunTime:0.001919s ]
INFO: [ app_begin ] --END-- [ RunTime:0.002201s ]
SQL: SHOW COLUMNS FROM `students` [ RunTime:0.001866s ]
SQL: SELECT * FROM `students`  [ RunTime:0.002193s ]

[ 2013-05-01T23:22:42+08:00 ] ERR: (ThinkException) Action:response您所请求的方法不存在！
[ 2013-05-01T23:24:22+08:00 ] ERR: (ThinkException) Action:response您所请求的方法不存在！
