[ 2013-05-02T02:49:49+08:00 ] 127.0.0.1 /app/rest.php/Info/students/
INFO: [ path_info ] --START--
INFO: Run CheckUrlExt Behavior [ RunTime:0.001325s ]
INFO: [ path_info ] --END-- [ RunTime:0.001515s ]
INFO: [ route_check ] --START--
INFO: Run CheckRestRoute Behavior [ RunTime:0.001736s ]
INFO: [ route_check ] --END-- [ RunTime:0.001913s ]
INFO: [ app_begin ] --START--
INFO: Run ReadHtmlCache Behavior [ RunTime:0.001601s ]
INFO: [ app_begin ] --END-- [ RunTime:0.001836s ]
SQL: SHOW COLUMNS FROM `students` [ RunTime:0.002739s ]

[ 2013-05-02T02:56:01+08:00 ] 127.0.0.1 /app/rest.php/Info/Students/
INFO: [ path_info ] --START--
INFO: Run CheckUrlExt Behavior [ RunTime:0.001928s ]
INFO: [ path_info ] --END-- [ RunTime:0.002125s ]
INFO: [ route_check ] --START--
INFO: Run CheckRestRoute Behavior [ RunTime:0.001766s ]
INFO: [ route_check ] --END-- [ RunTime:0.001899s ]
INFO: [ app_begin ] --START--
INFO: Run ReadHtmlCache Behavior [ RunTime:0.001579s ]
INFO: [ app_begin ] --END-- [ RunTime:0.001733s ]
SQL: SHOW COLUMNS FROM `students` [ RunTime:0.002063s ]

[ 2013-05-02T02:56:40+08:00 ] 127.0.0.1 /app/rest.php/Info/Students/
INFO: [ path_info ] --START--
INFO: Run CheckUrlExt Behavior [ RunTime:0.001089s ]
INFO: [ path_info ] --END-- [ RunTime:0.001420s ]
INFO: [ route_check ] --START--
INFO: Run CheckRestRoute Behavior [ RunTime:0.001449s ]
INFO: [ route_check ] --END-- [ RunTime:0.001604s ]
INFO: [ app_begin ] --START--
INFO: Run ReadHtmlCache Behavior [ RunTime:0.001026s ]
INFO: [ app_begin ] --END-- [ RunTime:0.001192s ]
SQL: SHOW COLUMNS FROM `students` [ RunTime:0.301800s ]

[ 2013-05-02T02:56:51+08:00 ] 127.0.0.1 /app/rest.php/Info/Students/
INFO: [ path_info ] --START--
INFO: Run CheckUrlExt Behavior [ RunTime:0.002457s ]
INFO: [ path_info ] --END-- [ RunTime:0.002778s ]
INFO: [ route_check ] --START--
INFO: Run CheckRestRoute Behavior [ RunTime:0.002348s ]
INFO: [ route_check ] --END-- [ RunTime:0.002566s ]
INFO: [ app_begin ] --START--
INFO: Run ReadHtmlCache Behavior [ RunTime:0.001800s ]
INFO: [ app_begin ] --END-- [ RunTime:0.002045s ]
SQL: SHOW COLUMNS FROM `students` [ RunTime:0.002490s ]

[ 2013-05-02T02:57:03+08:00 ] 127.0.0.1 /app/rest.php/Info/Students/
INFO: [ path_info ] --START--
INFO: Run CheckUrlExt Behavior [ RunTime:0.000847s ]
INFO: [ path_info ] --END-- [ RunTime:0.001024s ]
INFO: [ route_check ] --START--
INFO: Run CheckRestRoute Behavior [ RunTime:0.001517s ]
INFO: [ route_check ] --END-- [ RunTime:0.001642s ]
INFO: [ app_begin ] --START--
INFO: Run ReadHtmlCache Behavior [ RunTime:0.001204s ]
INFO: [ app_begin ] --END-- [ RunTime:0.001381s ]
SQL: SHOW COLUMNS FROM `students` [ RunTime:0.002701s ]

[ 2013-05-02T02:57:05+08:00 ] 127.0.0.1 /app/rest.php/Info/Students/
INFO: [ path_info ] --START--
INFO: Run CheckUrlExt Behavior [ RunTime:0.001217s ]
INFO: [ path_info ] --END-- [ RunTime:0.001457s ]
INFO: [ route_check ] --START--
INFO: Run CheckRestRoute Behavior [ RunTime:0.002217s ]
INFO: [ route_check ] --END-- [ RunTime:0.002406s ]
INFO: [ app_begin ] --START--
INFO: Run ReadHtmlCache Behavior [ RunTime:0.001962s ]
INFO: [ app_begin ] --END-- [ RunTime:0.002189s ]
SQL: SHOW COLUMNS FROM `students` [ RunTime:0.002485s ]

[ 2013-05-02T02:57:13+08:00 ] 127.0.0.1 /app/rest.php/Info/Students/
INFO: [ path_info ] --START--
INFO: Run CheckUrlExt Behavior [ RunTime:0.002030s ]
INFO: [ path_info ] --END-- [ RunTime:0.002274s ]
INFO: [ route_check ] --START--
INFO: Run CheckRestRoute Behavior [ RunTime:0.001818s ]
INFO: [ route_check ] --END-- [ RunTime:0.001965s ]
INFO: [ app_begin ] --START--
INFO: Run ReadHtmlCache Behavior [ RunTime:0.001628s ]
INFO: [ app_begin ] --END-- [ RunTime:0.001780s ]
SQL: SHOW COLUMNS FROM `students` [ RunTime:0.002743s ]

[ 2013-05-02T02:57:30+08:00 ] 127.0.0.1 /app/rest.php/Info/Students/
INFO: [ path_info ] --START--
INFO: Run CheckUrlExt Behavior [ RunTime:0.000887s ]
INFO: [ path_info ] --END-- [ RunTime:0.001060s ]
INFO: [ route_check ] --START--
INFO: Run CheckRestRoute Behavior [ RunTime:0.001402s ]
INFO: [ route_check ] --END-- [ RunTime:0.001528s ]
INFO: [ app_begin ] --START--
INFO: Run ReadHtmlCache Behavior [ RunTime:0.000912s ]
INFO: [ app_begin ] --END-- [ RunTime:0.001042s ]
SQL: SHOW COLUMNS FROM `students` [ RunTime:0.001562s ]

[ 2013-05-02T02:57:33+08:00 ] 127.0.0.1 /app/rest.php/Info/Students/
INFO: [ path_info ] --START--
INFO: Run CheckUrlExt Behavior [ RunTime:0.000873s ]
INFO: [ path_info ] --END-- [ RunTime:0.001046s ]
INFO: [ route_check ] --START--
INFO: Run CheckRestRoute Behavior [ RunTime:0.001557s ]
INFO: [ route_check ] --END-- [ RunTime:0.001749s ]
INFO: [ app_begin ] --START--
INFO: Run ReadHtmlCache Behavior [ RunTime:0.000936s ]
INFO: [ app_begin ] --END-- [ RunTime:0.001067s ]
SQL: SHOW COLUMNS FROM `students` [ RunTime:0.001407s ]

[ 2013-05-02T02:58:26+08:00 ] 127.0.0.1 /app/rest.php/Info/Students/
INFO: [ path_info ] --START--
INFO: Run CheckUrlExt Behavior [ RunTime:0.001490s ]
INFO: [ path_info ] --END-- [ RunTime:0.001680s ]
INFO: [ route_check ] --START--
INFO: Run CheckRestRoute Behavior [ RunTime:0.001751s ]
INFO: [ route_check ] --END-- [ RunTime:0.001897s ]
INFO: [ app_begin ] --START--
INFO: Run ReadHtmlCache Behavior [ RunTime:0.001399s ]
INFO: [ app_begin ] --END-- [ RunTime:0.001560s ]
SQL: SHOW COLUMNS FROM `students` [ RunTime:0.001516s ]

[ 2013-05-02T02:59:26+08:00 ] 127.0.0.1 /app/rest.php/Info/Students/
INFO: [ path_info ] --START--
INFO: Run CheckUrlExt Behavior [ RunTime:0.001030s ]
INFO: [ path_info ] --END-- [ RunTime:0.001210s ]
INFO: [ route_check ] --START--
INFO: Run CheckRestRoute Behavior [ RunTime:0.001596s ]
INFO: [ route_check ] --END-- [ RunTime:0.001720s ]
INFO: [ app_begin ] --START--
INFO: Run ReadHtmlCache Behavior [ RunTime:0.001844s ]
INFO: [ app_begin ] --END-- [ RunTime:0.002025s ]
SQL: SHOW COLUMNS FROM `students` [ RunTime:0.001864s ]

[ 2013-05-02T02:59:43+08:00 ] 127.0.0.1 /app/rest.php/Info/Students/
INFO: [ path_info ] --START--
INFO: Run CheckUrlExt Behavior [ RunTime:0.000841s ]
INFO: [ path_info ] --END-- [ RunTime:0.001018s ]
INFO: [ route_check ] --START--
INFO: Run CheckRestRoute Behavior [ RunTime:0.001516s ]
INFO: [ route_check ] --END-- [ RunTime:0.001641s ]
INFO: [ app_begin ] --START--
INFO: Run ReadHtmlCache Behavior [ RunTime:0.000994s ]
INFO: [ app_begin ] --END-- [ RunTime:0.001126s ]
SQL: SHOW COLUMNS FROM `students` [ RunTime:0.002696s ]

[ 2013-05-02T02:59:51+08:00 ] 127.0.0.1 /app/rest.php/Info/Students/
INFO: [ path_info ] --START--
INFO: Run CheckUrlExt Behavior [ RunTime:0.001342s ]
INFO: [ path_info ] --END-- [ RunTime:0.001513s ]
INFO: [ route_check ] --START--
INFO: Run CheckRestRoute Behavior [ RunTime:0.001520s ]
INFO: [ route_check ] --END-- [ RunTime:0.001639s ]
INFO: [ app_begin ] --START--
INFO: Run ReadHtmlCache Behavior [ RunTime:0.001261s ]
INFO: [ app_begin ] --END-- [ RunTime:0.001400s ]
SQL: SHOW COLUMNS FROM `students` [ RunTime:0.001550s ]

[ 2013-05-02T03:00:20+08:00 ] 127.0.0.1 /app/rest.php/Info/Students/
INFO: [ path_info ] --START--
INFO: Run CheckUrlExt Behavior [ RunTime:0.000824s ]
INFO: [ path_info ] --END-- [ RunTime:0.000995s ]
INFO: [ route_check ] --START--
INFO: Run CheckRestRoute Behavior [ RunTime:0.001294s ]
INFO: [ route_check ] --END-- [ RunTime:0.001413s ]
INFO: [ app_begin ] --START--
INFO: Run ReadHtmlCache Behavior [ RunTime:0.000950s ]
INFO: [ app_begin ] --END-- [ RunTime:0.001079s ]
SQL: SHOW COLUMNS FROM `students` [ RunTime:0.004093s ]

[ 2013-05-02T03:00:22+08:00 ] 127.0.0.1 /app/rest.php/Info/Students/
INFO: [ path_info ] --START--
INFO: Run CheckUrlExt Behavior [ RunTime:0.001969s ]
INFO: [ path_info ] --END-- [ RunTime:0.005681s ]
INFO: [ route_check ] --START--
INFO: Run CheckRestRoute Behavior [ RunTime:0.003726s ]
INFO: [ route_check ] --END-- [ RunTime:0.003890s ]
INFO: [ app_begin ] --START--
INFO: Run ReadHtmlCache Behavior [ RunTime:0.001363s ]
INFO: [ app_begin ] --END-- [ RunTime:0.001497s ]
SQL: SHOW COLUMNS FROM `students` [ RunTime:0.001503s ]

[ 2013-05-02T03:00:45+08:00 ] 127.0.0.1 /app/rest.php/Info/Students/
INFO: [ path_info ] --START--
INFO: Run CheckUrlExt Behavior [ RunTime:0.000888s ]
INFO: [ path_info ] --END-- [ RunTime:0.001079s ]
INFO: [ route_check ] --START--
INFO: Run CheckRestRoute Behavior [ RunTime:0.001777s ]
INFO: [ route_check ] --END-- [ RunTime:0.001943s ]
INFO: [ app_begin ] --START--
INFO: Run ReadHtmlCache Behavior [ RunTime:0.001000s ]
INFO: [ app_begin ] --END-- [ RunTime:0.001142s ]
SQL: SHOW COLUMNS FROM `students` [ RunTime:0.002526s ]

[ 2013-05-02T03:03:07+08:00 ] 127.0.0.1 /app/rest.php/Info/Students/
INFO: [ path_info ] --START--
INFO: Run CheckUrlExt Behavior [ RunTime:0.001354s ]
INFO: [ path_info ] --END-- [ RunTime:0.001528s ]
INFO: [ route_check ] --START--
INFO: Run CheckRestRoute Behavior [ RunTime:0.001622s ]
INFO: [ route_check ] --END-- [ RunTime:0.001751s ]
INFO: [ app_begin ] --START--
INFO: Run ReadHtmlCache Behavior [ RunTime:0.001373s ]
INFO: [ app_begin ] --END-- [ RunTime:0.001508s ]
SQL: SHOW COLUMNS FROM `students` [ RunTime:0.001577s ]

[ 2013-05-02T03:03:10+08:00 ] 127.0.0.1 /app/rest.php/Info/Students/
INFO: [ path_info ] --START--
INFO: Run CheckUrlExt Behavior [ RunTime:0.001333s ]
INFO: [ path_info ] --END-- [ RunTime:0.001561s ]
INFO: [ route_check ] --START--
INFO: Run CheckRestRoute Behavior [ RunTime:0.002938s ]
INFO: [ route_check ] --END-- [ RunTime:0.003095s ]
INFO: [ app_begin ] --START--
INFO: Run ReadHtmlCache Behavior [ RunTime:0.001595s ]
INFO: [ app_begin ] --END-- [ RunTime:0.001738s ]
SQL: SHOW COLUMNS FROM `students` [ RunTime:0.002498s ]

[ 2013-05-02T03:04:45+08:00 ] 127.0.0.1 /app/rest.php/Info/Students/
INFO: [ path_info ] --START--
INFO: Run CheckUrlExt Behavior [ RunTime:0.000863s ]
INFO: [ path_info ] --END-- [ RunTime:0.001040s ]
INFO: [ route_check ] --START--
INFO: Run CheckRestRoute Behavior [ RunTime:0.001875s ]
INFO: [ route_check ] --END-- [ RunTime:0.002077s ]
INFO: [ app_begin ] --START--
INFO: Run ReadHtmlCache Behavior [ RunTime:0.001197s ]
INFO: [ app_begin ] --END-- [ RunTime:0.001380s ]
SQL: SHOW COLUMNS FROM `students` [ RunTime:0.002617s ]

[ 2013-05-02T03:10:03+08:00 ] 127.0.0.1 /app/rest.php/Info/Students/
INFO: [ path_info ] --START--
INFO: Run CheckUrlExt Behavior [ RunTime:0.001662s ]
INFO: [ path_info ] --END-- [ RunTime:0.001833s ]
INFO: [ route_check ] --START--
INFO: Run CheckRestRoute Behavior [ RunTime:0.001491s ]
INFO: [ route_check ] --END-- [ RunTime:0.001608s ]
INFO: [ app_begin ] --START--
INFO: Run ReadHtmlCache Behavior [ RunTime:0.001315s ]
INFO: [ app_begin ] --END-- [ RunTime:0.001625s ]
SQL: SHOW COLUMNS FROM `students` [ RunTime:0.001623s ]

[ 2013-05-02T03:10:06+08:00 ] 127.0.0.1 /app/rest.php/Info/Students/
INFO: [ path_info ] --START--
INFO: Run CheckUrlExt Behavior [ RunTime:0.001528s ]
INFO: [ path_info ] --END-- [ RunTime:0.001716s ]
INFO: [ route_check ] --START--
INFO: Run CheckRestRoute Behavior [ RunTime:0.001836s ]
INFO: [ route_check ] --END-- [ RunTime:0.001971s ]
INFO: [ app_begin ] --START--
INFO: Run ReadHtmlCache Behavior [ RunTime:0.001250s ]
INFO: [ app_begin ] --END-- [ RunTime:0.001390s ]
SQL: SHOW COLUMNS FROM `students` [ RunTime:0.001398s ]

[ 2013-05-02T03:10:18+08:00 ] 127.0.0.1 /app/rest.php/Info/Students/
INFO: [ path_info ] --START--
INFO: Run CheckUrlExt Behavior [ RunTime:0.000802s ]
INFO: [ path_info ] --END-- [ RunTime:0.000978s ]
INFO: [ route_check ] --START--
INFO: Run CheckRestRoute Behavior [ RunTime:0.004711s ]
INFO: [ route_check ] --END-- [ RunTime:0.004871s ]
INFO: [ app_begin ] --START--
INFO: Run ReadHtmlCache Behavior [ RunTime:0.001049s ]
INFO: [ app_begin ] --END-- [ RunTime:0.001435s ]
SQL: SHOW COLUMNS FROM `students` [ RunTime:0.003089s ]

[ 2013-05-02T03:23:35+08:00 ] 127.0.0.1 /app/rest.php/Info/Students/
INFO: [ path_info ] --START--
INFO: Run CheckUrlExt Behavior [ RunTime:0.001754s ]
INFO: [ path_info ] --END-- [ RunTime:0.001947s ]
INFO: [ route_check ] --START--
INFO: Run CheckRestRoute Behavior [ RunTime:0.001553s ]
INFO: [ route_check ] --END-- [ RunTime:0.001675s ]
INFO: [ app_begin ] --START--
INFO: Run ReadHtmlCache Behavior [ RunTime:0.001198s ]
INFO: [ app_begin ] --END-- [ RunTime:0.001335s ]
SQL: SHOW COLUMNS FROM `students` [ RunTime:0.002660s ]

[ 2013-05-02T03:23:38+08:00 ] 127.0.0.1 /app/rest.php/Info/Students/
INFO: [ path_info ] --START--
INFO: Run CheckUrlExt Behavior [ RunTime:0.001078s ]
INFO: [ path_info ] --END-- [ RunTime:0.001347s ]
INFO: [ route_check ] --START--
INFO: Run CheckRestRoute Behavior [ RunTime:0.001752s ]
INFO: [ route_check ] --END-- [ RunTime:0.002070s ]
INFO: [ app_begin ] --START--
INFO: Run ReadHtmlCache Behavior [ RunTime:0.001119s ]
INFO: [ app_begin ] --END-- [ RunTime:0.001273s ]
SQL: SHOW COLUMNS FROM `students` [ RunTime:0.001612s ]

[ 2013-05-02T03:23:40+08:00 ] 127.0.0.1 /app/rest.php/Info/Students/
INFO: [ path_info ] --START--
INFO: Run CheckUrlExt Behavior [ RunTime:0.000826s ]
INFO: [ path_info ] --END-- [ RunTime:0.001005s ]
INFO: [ route_check ] --START--
INFO: Run CheckRestRoute Behavior [ RunTime:0.001466s ]
INFO: [ route_check ] --END-- [ RunTime:0.001589s ]
INFO: [ app_begin ] --START--
INFO: Run ReadHtmlCache Behavior [ RunTime:0.000927s ]
INFO: [ app_begin ] --END-- [ RunTime:0.001056s ]
SQL: SHOW COLUMNS FROM `students` [ RunTime:0.001754s ]

